Started GET "/" for 127.0.0.1 at 2023-08-24 21:50:27 -0400
  
ActiveRecord::DatabaseConnectionError (There is an issue connecting to your database with your username/password, username: postgres.

Please check your database configuration to ensure the username/password are valid.
):
  
activerecord (7.0.5) lib/active_record/connection_adapters/postgresql_adapter.rb:83:in `rescue in new_client'
activerecord (7.0.5) lib/active_record/connection_adapters/postgresql_adapter.rb:77:in `new_client'
activerecord (7.0.5) lib/active_record/connection_adapters/postgresql_adapter.rb:37:in `postgresql_connection'
activerecord (7.0.5) lib/active_record/connection_adapters/abstract/connection_pool.rb:656:in `public_send'
activerecord (7.0.5) lib/active_record/connection_adapters/abstract/connection_pool.rb:656:in `new_connection'
activerecord (7.0.5) lib/active_record/connection_adapters/abstract/connection_pool.rb:700:in `checkout_new_connection'
activerecord (7.0.5) lib/active_record/connection_adapters/abstract/connection_pool.rb:679:in `try_to_checkout_new_connection'
activerecord (7.0.5) lib/active_record/connection_adapters/abstract/connection_pool.rb:640:in `acquire_connection'
activerecord (7.0.5) lib/active_record/connection_adapters/abstract/connection_pool.rb:341:in `checkout'
activerecord (7.0.5) lib/active_record/connection_adapters/abstract/connection_pool.rb:181:in `connection'
activerecord (7.0.5) lib/active_record/connection_adapters/abstract/connection_handler.rb:211:in `retrieve_connection'
activerecord (7.0.5) lib/active_record/connection_handling.rb:313:in `retrieve_connection'
activerecord (7.0.5) lib/active_record/connection_handling.rb:280:in `connection'
activerecord (7.0.5) lib/active_record/migration.rb:613:in `connection'
activerecord (7.0.5) lib/active_record/migration.rb:608:in `build_watcher'
activerecord (7.0.5) lib/active_record/migration.rb:590:in `block in call'
activerecord (7.0.5) lib/active_record/migration.rb:589:in `synchronize'
activerecord (7.0.5) lib/active_record/migration.rb:589:in `call'
actionpack (7.0.5) lib/action_dispatch/middleware/callbacks.rb:27:in `block in call'
activesupport (7.0.5) lib/active_support/callbacks.rb:99:in `run_callbacks'
actionpack (7.0.5) lib/action_dispatch/middleware/callbacks.rb:26:in `call'
actionpack (7.0.5) lib/action_dispatch/middleware/executor.rb:14:in `call'
actionpack (7.0.5) lib/action_dispatch/middleware/actionable_exceptions.rb:17:in `call'
actionpack (7.0.5) lib/action_dispatch/middleware/debug_exceptions.rb:28:in `call'
web-console (4.2.0) lib/web_console/middleware.rb:132:in `call_app'
web-console (4.2.0) lib/web_console/middleware.rb:28:in `block in call'
web-console (4.2.0) lib/web_console/middleware.rb:17:in `catch'
web-console (4.2.0) lib/web_console/middleware.rb:17:in `call'
actionpack (7.0.5) lib/action_dispatch/middleware/show_exceptions.rb:26:in `call'
railties (7.0.5) lib/rails/rack/logger.rb:40:in `call_app'
railties (7.0.5) lib/rails/rack/logger.rb:25:in `block in call'
activesupport (7.0.5) lib/active_support/tagged_logging.rb:99:in `block in tagged'
activesupport (7.0.5) lib/active_support/tagged_logging.rb:37:in `tagged'
activesupport (7.0.5) lib/active_support/tagged_logging.rb:99:in `tagged'
railties (7.0.5) lib/rails/rack/logger.rb:25:in `call'
sprockets-rails (3.4.2) lib/sprockets/rails/quiet_assets.rb:13:in `call'
actionpack (7.0.5) lib/action_dispatch/middleware/remote_ip.rb:93:in `call'
actionpack (7.0.5) lib/action_dispatch/middleware/request_id.rb:26:in `call'
rack (2.2.7) lib/rack/method_override.rb:24:in `call'
rack (2.2.7) lib/rack/runtime.rb:22:in `call'
activesupport (7.0.5) lib/active_support/cache/strategy/local_cache_middleware.rb:29:in `call'
actionpack (7.0.5) lib/action_dispatch/middleware/server_timing.rb:61:in `block in call'
actionpack (7.0.5) lib/action_dispatch/middleware/server_timing.rb:26:in `collect_events'
actionpack (7.0.5) lib/action_dispatch/middleware/server_timing.rb:60:in `call'
actionpack (7.0.5) lib/action_dispatch/middleware/executor.rb:14:in `call'
actionpack (7.0.5) lib/action_dispatch/middleware/static.rb:23:in `call'
rack (2.2.7) lib/rack/sendfile.rb:110:in `call'
actionpack (7.0.5) lib/action_dispatch/middleware/host_authorization.rb:137:in `call'
railties (7.0.5) lib/rails/engine.rb:530:in `call'
puma (5.6.5) lib/puma/configuration.rb:252:in `call'
puma (5.6.5) lib/puma/request.rb:77:in `block in handle_request'
puma (5.6.5) lib/puma/thread_pool.rb:340:in `with_force_shutdown'
puma (5.6.5) lib/puma/request.rb:76:in `handle_request'
puma (5.6.5) lib/puma/server.rb:443:in `process_client'
puma (5.6.5) lib/puma/thread_pool.rb:147:in `block in spawn_thread'
Started GET "/" for 127.0.0.1 at 2023-08-24 21:57:27 -0400
  
ActiveRecord::DatabaseConnectionError (There is an issue connecting to your database with your username/password, username: postgres.

Please check your database configuration to ensure the username/password are valid.
):
  
activerecord (7.0.5) lib/active_record/connection_adapters/postgresql_adapter.rb:83:in `rescue in new_client'
activerecord (7.0.5) lib/active_record/connection_adapters/postgresql_adapter.rb:77:in `new_client'
activerecord (7.0.5) lib/active_record/connection_adapters/postgresql_adapter.rb:37:in `postgresql_connection'
activerecord (7.0.5) lib/active_record/connection_adapters/abstract/connection_pool.rb:656:in `public_send'
activerecord (7.0.5) lib/active_record/connection_adapters/abstract/connection_pool.rb:656:in `new_connection'
activerecord (7.0.5) lib/active_record/connection_adapters/abstract/connection_pool.rb:700:in `checkout_new_connection'
activerecord (7.0.5) lib/active_record/connection_adapters/abstract/connection_pool.rb:679:in `try_to_checkout_new_connection'
activerecord (7.0.5) lib/active_record/connection_adapters/abstract/connection_pool.rb:640:in `acquire_connection'
activerecord (7.0.5) lib/active_record/connection_adapters/abstract/connection_pool.rb:341:in `checkout'
activerecord (7.0.5) lib/active_record/connection_adapters/abstract/connection_pool.rb:181:in `connection'
activerecord (7.0.5) lib/active_record/connection_adapters/abstract/connection_handler.rb:211:in `retrieve_connection'
activerecord (7.0.5) lib/active_record/connection_handling.rb:313:in `retrieve_connection'
activerecord (7.0.5) lib/active_record/connection_handling.rb:280:in `connection'
activerecord (7.0.5) lib/active_record/migration.rb:613:in `connection'
activerecord (7.0.5) lib/active_record/migration.rb:608:in `build_watcher'
activerecord (7.0.5) lib/active_record/migration.rb:590:in `block in call'
activerecord (7.0.5) lib/active_record/migration.rb:589:in `synchronize'
activerecord (7.0.5) lib/active_record/migration.rb:589:in `call'
actionpack (7.0.5) lib/action_dispatch/middleware/callbacks.rb:27:in `block in call'
activesupport (7.0.5) lib/active_support/callbacks.rb:99:in `run_callbacks'
actionpack (7.0.5) lib/action_dispatch/middleware/callbacks.rb:26:in `call'
actionpack (7.0.5) lib/action_dispatch/middleware/executor.rb:14:in `call'
actionpack (7.0.5) lib/action_dispatch/middleware/actionable_exceptions.rb:17:in `call'
actionpack (7.0.5) lib/action_dispatch/middleware/debug_exceptions.rb:28:in `call'
web-console (4.2.0) lib/web_console/middleware.rb:132:in `call_app'
web-console (4.2.0) lib/web_console/middleware.rb:28:in `block in call'
web-console (4.2.0) lib/web_console/middleware.rb:17:in `catch'
web-console (4.2.0) lib/web_console/middleware.rb:17:in `call'
actionpack (7.0.5) lib/action_dispatch/middleware/show_exceptions.rb:26:in `call'
railties (7.0.5) lib/rails/rack/logger.rb:40:in `call_app'
railties (7.0.5) lib/rails/rack/logger.rb:25:in `block in call'
activesupport (7.0.5) lib/active_support/tagged_logging.rb:99:in `block in tagged'
activesupport (7.0.5) lib/active_support/tagged_logging.rb:37:in `tagged'
activesupport (7.0.5) lib/active_support/tagged_logging.rb:99:in `tagged'
railties (7.0.5) lib/rails/rack/logger.rb:25:in `call'
sprockets-rails (3.4.2) lib/sprockets/rails/quiet_assets.rb:13:in `call'
actionpack (7.0.5) lib/action_dispatch/middleware/remote_ip.rb:93:in `call'
actionpack (7.0.5) lib/action_dispatch/middleware/request_id.rb:26:in `call'
rack (2.2.7) lib/rack/method_override.rb:24:in `call'
rack (2.2.7) lib/rack/runtime.rb:22:in `call'
activesupport (7.0.5) lib/active_support/cache/strategy/local_cache_middleware.rb:29:in `call'
actionpack (7.0.5) lib/action_dispatch/middleware/server_timing.rb:61:in `block in call'
actionpack (7.0.5) lib/action_dispatch/middleware/server_timing.rb:26:in `collect_events'
actionpack (7.0.5) lib/action_dispatch/middleware/server_timing.rb:60:in `call'
actionpack (7.0.5) lib/action_dispatch/middleware/executor.rb:14:in `call'
actionpack (7.0.5) lib/action_dispatch/middleware/static.rb:23:in `call'
rack (2.2.7) lib/rack/sendfile.rb:110:in `call'
actionpack (7.0.5) lib/action_dispatch/middleware/host_authorization.rb:137:in `call'
railties (7.0.5) lib/rails/engine.rb:530:in `call'
puma (5.6.5) lib/puma/configuration.rb:252:in `call'
puma (5.6.5) lib/puma/request.rb:77:in `block in handle_request'
puma (5.6.5) lib/puma/thread_pool.rb:340:in `with_force_shutdown'
puma (5.6.5) lib/puma/request.rb:76:in `handle_request'
puma (5.6.5) lib/puma/server.rb:443:in `process_client'
puma (5.6.5) lib/puma/thread_pool.rb:147:in `block in spawn_thread'
Started GET "/" for 127.0.0.1 at 2023-08-24 22:04:38 -0400
  [1m[35m (9.8ms)[0m  [1m[35mCREATE TABLE "schema_migrations" ("version" varchar NOT NULL PRIMARY KEY)[0m
  [1m[35m (0.6ms)[0m  [1m[35mCREATE TABLE "ar_internal_metadata" ("key" varchar NOT NULL PRIMARY KEY, "value" varchar, "created_at" datetime(6) NOT NULL, "updated_at" datetime(6) NOT NULL)[0m
  [1m[36mActiveRecord::SchemaMigration Pluck (0.1ms)[0m  [1m[34mSELECT "schema_migrations"."version" FROM "schema_migrations" ORDER BY "schema_migrations"."version" ASC[0m
  
ActiveRecord::PendingMigrationError (

Migrations are pending. To resolve this issue, run:

        bin/rails db:migrate RAILS_ENV=development

You have 3 pending migrations:

20230601172318_devise_create_users.rb
20230601204822_create_notes.rb
20230603220242_create_comments.rb


):
  
activerecord (7.0.5) lib/active_record/migration.rb:627:in `check_pending!'
activerecord (7.0.5) lib/active_record/migration.rb:592:in `block (2 levels) in call'
activesupport (7.0.5) lib/active_support/file_update_checker.rb:83:in `execute'
activerecord (7.0.5) lib/active_record/migration.rb:597:in `block in call'
activerecord (7.0.5) lib/active_record/migration.rb:589:in `synchronize'
activerecord (7.0.5) lib/active_record/migration.rb:589:in `call'
actionpack (7.0.5) lib/action_dispatch/middleware/callbacks.rb:27:in `block in call'
activesupport (7.0.5) lib/active_support/callbacks.rb:99:in `run_callbacks'
actionpack (7.0.5) lib/action_dispatch/middleware/callbacks.rb:26:in `call'
actionpack (7.0.5) lib/action_dispatch/middleware/executor.rb:14:in `call'
actionpack (7.0.5) lib/action_dispatch/middleware/actionable_exceptions.rb:17:in `call'
actionpack (7.0.5) lib/action_dispatch/middleware/debug_exceptions.rb:28:in `call'
web-console (4.2.0) lib/web_console/middleware.rb:132:in `call_app'
web-console (4.2.0) lib/web_console/middleware.rb:28:in `block in call'
web-console (4.2.0) lib/web_console/middleware.rb:17:in `catch'
web-console (4.2.0) lib/web_console/middleware.rb:17:in `call'
actionpack (7.0.5) lib/action_dispatch/middleware/show_exceptions.rb:26:in `call'
railties (7.0.5) lib/rails/rack/logger.rb:40:in `call_app'
railties (7.0.5) lib/rails/rack/logger.rb:25:in `block in call'
activesupport (7.0.5) lib/active_support/tagged_logging.rb:99:in `block in tagged'
activesupport (7.0.5) lib/active_support/tagged_logging.rb:37:in `tagged'
activesupport (7.0.5) lib/active_support/tagged_logging.rb:99:in `tagged'
railties (7.0.5) lib/rails/rack/logger.rb:25:in `call'
sprockets-rails (3.4.2) lib/sprockets/rails/quiet_assets.rb:13:in `call'
actionpack (7.0.5) lib/action_dispatch/middleware/remote_ip.rb:93:in `call'
actionpack (7.0.5) lib/action_dispatch/middleware/request_id.rb:26:in `call'
rack (2.2.7) lib/rack/method_override.rb:24:in `call'
rack (2.2.7) lib/rack/runtime.rb:22:in `call'
activesupport (7.0.5) lib/active_support/cache/strategy/local_cache_middleware.rb:29:in `call'
actionpack (7.0.5) lib/action_dispatch/middleware/server_timing.rb:61:in `block in call'
actionpack (7.0.5) lib/action_dispatch/middleware/server_timing.rb:26:in `collect_events'
actionpack (7.0.5) lib/action_dispatch/middleware/server_timing.rb:60:in `call'
actionpack (7.0.5) lib/action_dispatch/middleware/executor.rb:14:in `call'
actionpack (7.0.5) lib/action_dispatch/middleware/static.rb:23:in `call'
rack (2.2.7) lib/rack/sendfile.rb:110:in `call'
actionpack (7.0.5) lib/action_dispatch/middleware/host_authorization.rb:137:in `call'
railties (7.0.5) lib/rails/engine.rb:530:in `call'
puma (5.6.5) lib/puma/configuration.rb:252:in `call'
puma (5.6.5) lib/puma/request.rb:77:in `block in handle_request'
puma (5.6.5) lib/puma/thread_pool.rb:340:in `with_force_shutdown'
puma (5.6.5) lib/puma/request.rb:76:in `handle_request'
puma (5.6.5) lib/puma/server.rb:443:in `process_client'
puma (5.6.5) lib/puma/thread_pool.rb:147:in `block in spawn_thread'
Started GET "/" for 127.0.0.1 at 2023-08-24 22:06:39 -0400
  [1m[36mActiveRecord::SchemaMigration Pluck (0.1ms)[0m  [1m[34mSELECT "schema_migrations"."version" FROM "schema_migrations" ORDER BY "schema_migrations"."version" ASC[0m
  [1m[36mCACHE ActiveRecord::SchemaMigration Pluck (0.0ms)[0m  [1m[34mSELECT "schema_migrations"."version" FROM "schema_migrations" ORDER BY "schema_migrations"."version" ASC[0m
  
ActiveRecord::PendingMigrationError (

Migrations are pending. To resolve this issue, run:

        bin/rails db:migrate RAILS_ENV=development

You have 3 pending migrations:

20230601172318_devise_create_users.rb
20230601204822_create_notes.rb
20230603220242_create_comments.rb


):
  
activerecord (7.0.5) lib/active_record/migration.rb:627:in `check_pending!'
activerecord (7.0.5) lib/active_record/migration.rb:592:in `block (2 levels) in call'
activesupport (7.0.5) lib/active_support/file_update_checker.rb:83:in `execute'
activerecord (7.0.5) lib/active_record/migration.rb:597:in `block in call'
activerecord (7.0.5) lib/active_record/migration.rb:589:in `synchronize'
activerecord (7.0.5) lib/active_record/migration.rb:589:in `call'
actionpack (7.0.5) lib/action_dispatch/middleware/callbacks.rb:27:in `block in call'
activesupport (7.0.5) lib/active_support/callbacks.rb:99:in `run_callbacks'
actionpack (7.0.5) lib/action_dispatch/middleware/callbacks.rb:26:in `call'
actionpack (7.0.5) lib/action_dispatch/middleware/executor.rb:14:in `call'
actionpack (7.0.5) lib/action_dispatch/middleware/actionable_exceptions.rb:17:in `call'
actionpack (7.0.5) lib/action_dispatch/middleware/debug_exceptions.rb:28:in `call'
web-console (4.2.0) lib/web_console/middleware.rb:132:in `call_app'
web-console (4.2.0) lib/web_console/middleware.rb:28:in `block in call'
web-console (4.2.0) lib/web_console/middleware.rb:17:in `catch'
web-console (4.2.0) lib/web_console/middleware.rb:17:in `call'
actionpack (7.0.5) lib/action_dispatch/middleware/show_exceptions.rb:26:in `call'
railties (7.0.5) lib/rails/rack/logger.rb:40:in `call_app'
railties (7.0.5) lib/rails/rack/logger.rb:25:in `block in call'
activesupport (7.0.5) lib/active_support/tagged_logging.rb:99:in `block in tagged'
activesupport (7.0.5) lib/active_support/tagged_logging.rb:37:in `tagged'
activesupport (7.0.5) lib/active_support/tagged_logging.rb:99:in `tagged'
railties (7.0.5) lib/rails/rack/logger.rb:25:in `call'
sprockets-rails (3.4.2) lib/sprockets/rails/quiet_assets.rb:13:in `call'
actionpack (7.0.5) lib/action_dispatch/middleware/remote_ip.rb:93:in `call'
actionpack (7.0.5) lib/action_dispatch/middleware/request_id.rb:26:in `call'
rack (2.2.7) lib/rack/method_override.rb:24:in `call'
rack (2.2.7) lib/rack/runtime.rb:22:in `call'
activesupport (7.0.5) lib/active_support/cache/strategy/local_cache_middleware.rb:29:in `call'
actionpack (7.0.5) lib/action_dispatch/middleware/server_timing.rb:61:in `block in call'
actionpack (7.0.5) lib/action_dispatch/middleware/server_timing.rb:26:in `collect_events'
actionpack (7.0.5) lib/action_dispatch/middleware/server_timing.rb:60:in `call'
actionpack (7.0.5) lib/action_dispatch/middleware/executor.rb:14:in `call'
actionpack (7.0.5) lib/action_dispatch/middleware/static.rb:23:in `call'
rack (2.2.7) lib/rack/sendfile.rb:110:in `call'
actionpack (7.0.5) lib/action_dispatch/middleware/host_authorization.rb:137:in `call'
railties (7.0.5) lib/rails/engine.rb:530:in `call'
puma (5.6.5) lib/puma/configuration.rb:252:in `call'
puma (5.6.5) lib/puma/request.rb:77:in `block in handle_request'
puma (5.6.5) lib/puma/thread_pool.rb:340:in `with_force_shutdown'
puma (5.6.5) lib/puma/request.rb:76:in `handle_request'
puma (5.6.5) lib/puma/server.rb:443:in `process_client'
puma (5.6.5) lib/puma/thread_pool.rb:147:in `block in spawn_thread'
  [1m[36mActiveRecord::SchemaMigration Pluck (0.1ms)[0m  [1m[34mSELECT "schema_migrations"."version" FROM "schema_migrations" ORDER BY "schema_migrations"."version" ASC[0m
Migrating to DeviseCreateUsers (20230601172318)
  [1m[36mTRANSACTION (0.0ms)[0m  [1m[36mbegin transaction[0m
  [1m[35m (0.3ms)[0m  [1m[35mCREATE TABLE "users" ("id" integer PRIMARY KEY AUTOINCREMENT NOT NULL, "email" varchar DEFAULT '' NOT NULL, "encrypted_password" varchar DEFAULT '' NOT NULL, "username" varchar, "role" integer DEFAULT 0, "reset_password_token" varchar, "reset_password_sent_at" datetime(6), "remember_created_at" datetime(6), "created_at" datetime(6) NOT NULL, "updated_at" datetime(6) NOT NULL)[0m
  [1m[35m (0.0ms)[0m  [1m[35mCREATE UNIQUE INDEX "index_users_on_username" ON "users" ("username")[0m
  [1m[35m (0.0ms)[0m  [1m[35mCREATE UNIQUE INDEX "index_users_on_email" ON "users" ("email")[0m
  [1m[35m (0.0ms)[0m  [1m[35mCREATE UNIQUE INDEX "index_users_on_reset_password_token" ON "users" ("reset_password_token")[0m
  [1m[36mActiveRecord::SchemaMigration Create (0.1ms)[0m  [1m[32mINSERT INTO "schema_migrations" ("version") VALUES (?)[0m  [["version", "20230601172318"]]
  [1m[36mTRANSACTION (0.4ms)[0m  [1m[36mcommit transaction[0m
Migrating to CreateNotes (20230601204822)
  [1m[36mTRANSACTION (0.0ms)[0m  [1m[36mbegin transaction[0m
  [1m[35m (0.1ms)[0m  [1m[35mCREATE TABLE "notes" ("id" integer PRIMARY KEY AUTOINCREMENT NOT NULL, "image" varchar, "title" varchar, "content" text, "user_id" integer NOT NULL, "created_at" datetime(6) NOT NULL, "updated_at" datetime(6) NOT NULL, CONSTRAINT "fk_rails_7f2323ad43"
FOREIGN KEY ("user_id")
  REFERENCES "users" ("id")
)[0m
  [1m[35m (0.0ms)[0m  [1m[35mCREATE INDEX "index_notes_on_user_id" ON "notes" ("user_id")[0m
  [1m[36mActiveRecord::SchemaMigration Create (0.0ms)[0m  [1m[32mINSERT INTO "schema_migrations" ("version") VALUES (?)[0m  [["version", "20230601204822"]]
  [1m[36mTRANSACTION (0.6ms)[0m  [1m[36mcommit transaction[0m
Migrating to CreateComments (20230603220242)
  [1m[36mTRANSACTION (0.0ms)[0m  [1m[36mbegin transaction[0m
  [1m[35m (0.2ms)[0m  [1m[35mCREATE TABLE "comments" ("id" integer PRIMARY KEY AUTOINCREMENT NOT NULL, "content" text, "user_id" integer NOT NULL, "note_id" integer NOT NULL, "created_at" datetime(6) NOT NULL, "updated_at" datetime(6) NOT NULL, CONSTRAINT "fk_rails_03de2dc08c"
FOREIGN KEY ("user_id")
  REFERENCES "users" ("id")
, CONSTRAINT "fk_rails_2454c4e239"
FOREIGN KEY ("note_id")
  REFERENCES "notes" ("id")
)[0m
  [1m[35m (0.0ms)[0m  [1m[35mCREATE INDEX "index_comments_on_user_id" ON "comments" ("user_id")[0m
  [1m[35m (0.0ms)[0m  [1m[35mCREATE INDEX "index_comments_on_note_id" ON "comments" ("note_id")[0m
  [1m[36mActiveRecord::SchemaMigration Create (0.0ms)[0m  [1m[32mINSERT INTO "schema_migrations" ("version") VALUES (?)[0m  [["version", "20230603220242"]]
  [1m[36mTRANSACTION (0.4ms)[0m  [1m[36mcommit transaction[0m
  [1m[36mActiveRecord::InternalMetadata Load (0.1ms)[0m  [1m[34mSELECT "ar_internal_metadata".* FROM "ar_internal_metadata" WHERE "ar_internal_metadata"."key" = ? LIMIT ?[0m  [["key", "environment"], ["LIMIT", 1]]
  [1m[36mTRANSACTION (0.0ms)[0m  [1m[36mbegin transaction[0m
  [1m[36mActiveRecord::InternalMetadata Create (0.1ms)[0m  [1m[32mINSERT INTO "ar_internal_metadata" ("key", "value", "created_at", "updated_at") VALUES (?, ?, ?, ?)[0m  [["key", "environment"], ["value", "development"], ["created_at", "2023-08-25 02:08:07.679263"], ["updated_at", "2023-08-25 02:08:07.679263"]]
  [1m[36mTRANSACTION (0.2ms)[0m  [1m[36mcommit transaction[0m
  [1m[36mActiveRecord::SchemaMigration Pluck (0.0ms)[0m  [1m[34mSELECT "schema_migrations"."version" FROM "schema_migrations" ORDER BY "schema_migrations"."version" ASC[0m
Started GET "/" for 127.0.0.1 at 2023-08-24 22:08:11 -0400
  [1m[36mActiveRecord::SchemaMigration Pluck (0.0ms)[0m  [1m[34mSELECT "schema_migrations"."version" FROM "schema_migrations" ORDER BY "schema_migrations"."version" ASC[0m
Processing by HomeController#index as HTML
  Rendering layout layouts/application.html.erb
  Rendering home/index.html.erb within layouts/application
  [1m[36mNote Load (0.1ms)[0m  [1m[34mSELECT "notes".* FROM "notes"[0m
  ↳ app/views/notes/_index.html.erb:5
  Rendered notes/_index.html.erb (Duration: 0.8ms | Allocations: 928)
  Rendered home/index.html.erb within layouts/application (Duration: 3.8ms | Allocations: 1761)
  Rendered devise/shared/_navbar.html.erb (Duration: 0.6ms | Allocations: 640)
  Rendered layout layouts/application.html.erb (Duration: 170.8ms | Allocations: 102545)
Completed 200 OK in 180ms (Views: 171.7ms | ActiveRecord: 0.1ms | Allocations: 108679)


Started GET "/" for 127.0.0.1 at 2023-08-24 22:09:51 -0400
Processing by HomeController#index as HTML
  Rendering layout layouts/application.html.erb
  Rendering home/index.html.erb within layouts/application
  [1m[36mNote Load (0.8ms)[0m  [1m[34mSELECT "notes".* FROM "notes"[0m
  ↳ app/views/notes/_index.html.erb:5
  Rendered notes/_index.html.erb (Duration: 10.6ms | Allocations: 784)
  Rendered home/index.html.erb within layouts/application (Duration: 16.5ms | Allocations: 1503)
  Rendered devise/shared/_navbar.html.erb (Duration: 1.5ms | Allocations: 559)
  Rendered layout layouts/application.html.erb (Duration: 36.0ms | Allocations: 8034)
Completed 200 OK in 42ms (Views: 38.7ms | ActiveRecord: 0.8ms | Allocations: 9051)


Started GET "/" for 127.0.0.1 at 2023-08-24 22:10:43 -0400
Processing by HomeController#index as HTML
  Rendering layout layouts/application.html.erb
  Rendering home/index.html.erb within layouts/application
  [1m[36mNote Load (0.4ms)[0m  [1m[34mSELECT "notes".* FROM "notes"[0m
  ↳ app/views/notes/_index.html.erb:5
  Rendered notes/_index.html.erb (Duration: 2.7ms | Allocations: 789)
  Rendered home/index.html.erb within layouts/application (Duration: 5.5ms | Allocations: 1427)
  Rendered devise/shared/_navbar.html.erb (Duration: 1.4ms | Allocations: 559)
  Rendered layout layouts/application.html.erb (Duration: 20.8ms | Allocations: 7926)
Completed 200 OK in 27ms (Views: 23.8ms | ActiveRecord: 0.4ms | Allocations: 8948)


Started GET "/" for 127.0.0.1 at 2023-08-24 22:10:54 -0400
Processing by HomeController#index as HTML
  Rendering layout layouts/application.html.erb
  Rendering home/index.html.erb within layouts/application
  [1m[36mNote Load (0.3ms)[0m  [1m[34mSELECT "notes".* FROM "notes"[0m
  ↳ app/views/notes/_index.html.erb:5
  Rendered notes/_index.html.erb (Duration: 19.0ms | Allocations: 789)
  Rendered home/index.html.erb within layouts/application (Duration: 29.8ms | Allocations: 1448)
  Rendered devise/shared/_navbar.html.erb (Duration: 1.0ms | Allocations: 559)
  Rendered layout layouts/application.html.erb (Duration: 53.1ms | Allocations: 6756)
Completed 200 OK in 60ms (Views: 57.0ms | ActiveRecord: 0.3ms | Allocations: 7778)


Started GET "/home/index" for 127.0.0.1 at 2023-08-24 22:12:11 -0400
Processing by HomeController#index as HTML
  Rendering layout layouts/application.html.erb
  Rendering home/index.html.erb within layouts/application
  [1m[36mNote Load (0.5ms)[0m  [1m[34mSELECT "notes".* FROM "notes"[0m
  ↳ app/views/notes/_index.html.erb:5
  Rendered notes/_index.html.erb (Duration: 2.0ms | Allocations: 600)
  Rendered home/index.html.erb within layouts/application (Duration: 3.4ms | Allocations: 930)
  Rendered devise/shared/_navbar.html.erb (Duration: 0.2ms | Allocations: 192)
  Rendered layout layouts/application.html.erb (Duration: 16.8ms | Allocations: 5473)
Completed 200 OK in 19ms (Views: 17.7ms | ActiveRecord: 0.5ms | Allocations: 5754)


Started GET "/users/edit" for 127.0.0.1 at 2023-08-24 22:12:12 -0400
Processing by Users::RegistrationsController#edit as HTML
Completed 401 Unauthorized in 1ms (ActiveRecord: 0.0ms | Allocations: 427)


Started GET "/users/sign_in" for 127.0.0.1 at 2023-08-24 22:12:12 -0400
Processing by Users::SessionsController#new as HTML
  Rendering layout layouts/application.html.erb
  Rendering devise/sessions/new.html.erb within layouts/application
  Rendered devise/shared/_links.html.erb (Duration: 0.8ms | Allocations: 718)
  Rendered devise/sessions/new.html.erb within layouts/application (Duration: 8.7ms | Allocations: 4068)
  Rendered devise/shared/_navbar.html.erb (Duration: 0.1ms | Allocations: 228)
  Rendered layout layouts/application.html.erb (Duration: 11.3ms | Allocations: 8734)
Completed 200 OK in 25ms (Views: 13.1ms | ActiveRecord: 3.3ms | Allocations: 16966)


Started GET "/users/sign_up" for 127.0.0.1 at 2023-08-24 22:12:18 -0400
Processing by Users::RegistrationsController#new as HTML
  Rendering layout layouts/application.html.erb
  Rendering devise/registrations/new.html.erb within layouts/application
  Rendered devise/shared/_error_messages.html.erb (Duration: 0.7ms | Allocations: 234)
  Rendered devise/shared/_links.html.erb (Duration: 0.5ms | Allocations: 156)
  Rendered devise/registrations/new.html.erb within layouts/application (Duration: 6.8ms | Allocations: 2698)
  Rendered devise/shared/_navbar.html.erb (Duration: 0.3ms | Allocations: 228)
  Rendered layout layouts/application.html.erb (Duration: 12.0ms | Allocations: 7326)
Completed 200 OK in 17ms (Views: 15.2ms | ActiveRecord: 0.0ms | Allocations: 8567)


Started GET "/users/sign_in" for 127.0.0.1 at 2023-08-24 22:12:19 -0400
Processing by Users::SessionsController#new as HTML
  Rendering layout layouts/application.html.erb
  Rendering devise/sessions/new.html.erb within layouts/application
  Rendered devise/shared/_links.html.erb (Duration: 0.3ms | Allocations: 134)
  Rendered devise/sessions/new.html.erb within layouts/application (Duration: 2.4ms | Allocations: 1207)
  Rendered devise/shared/_navbar.html.erb (Duration: 0.3ms | Allocations: 204)
  Rendered layout layouts/application.html.erb (Duration: 8.3ms | Allocations: 5732)
Completed 200 OK in 11ms (Views: 9.0ms | ActiveRecord: 0.0ms | Allocations: 6438)


Started GET "/users/sign_up" for 127.0.0.1 at 2023-08-24 22:12:20 -0400
Processing by Users::RegistrationsController#new as HTML
  Rendering layout layouts/application.html.erb
  Rendering devise/registrations/new.html.erb within layouts/application
  Rendered devise/shared/_error_messages.html.erb (Duration: 0.0ms | Allocations: 14)
  Rendered devise/shared/_links.html.erb (Duration: 0.1ms | Allocations: 79)
  Rendered devise/registrations/new.html.erb within layouts/application (Duration: 1.7ms | Allocations: 1500)
  Rendered devise/shared/_navbar.html.erb (Duration: 0.2ms | Allocations: 204)
  Rendered layout layouts/application.html.erb (Duration: 7.6ms | Allocations: 6024)
Completed 200 OK in 9ms (Views: 8.1ms | ActiveRecord: 0.0ms | Allocations: 6677)


Started POST "/users" for 127.0.0.1 at 2023-08-24 22:12:49 -0400
Processing by Users::RegistrationsController#create as HTML
  Parameters: {"authenticity_token"=>"[FILTERED]", "user"=>{"email"=>"nicolas.valdivia1313@gmail.com", "username"=>"tikeyrawwr", "role"=>"normal_user", "password"=>"[FILTERED]", "password_confirmation"=>"[FILTERED]"}, "commit"=>"Sign up"}
  [1m[36mTRANSACTION (0.1ms)[0m  [1m[36mbegin transaction[0m
  [1m[36mUser Exists? (0.7ms)[0m  [1m[34mSELECT 1 AS one FROM "users" WHERE "users"."email" = ? LIMIT ?[0m  [["email", "nicolas.valdivia1313@gmail.com"], ["LIMIT", 1]]
  [1m[36mUser Create (0.8ms)[0m  [1m[32mINSERT INTO "users" ("email", "encrypted_password", "username", "role", "reset_password_token", "reset_password_sent_at", "remember_created_at", "created_at", "updated_at") VALUES (?, ?, ?, ?, ?, ?, ?, ?, ?)[0m  [["email", "nicolas.valdivia1313@gmail.com"], ["encrypted_password", "[FILTERED]"], ["username", "tikeyrawwr"], ["role", 0], ["reset_password_token", "[FILTERED]"], ["reset_password_sent_at", "[FILTERED]"], ["remember_created_at", nil], ["created_at", "2023-08-25 02:12:49.412355"], ["updated_at", "2023-08-25 02:12:49.412355"]]
  [1m[36mTRANSACTION (0.2ms)[0m  [1m[36mcommit transaction[0m
Redirected to http://127.0.0.1:3000/home/index
Completed 303 See Other in 262ms (ActiveRecord: 1.8ms | Allocations: 9994)


Started GET "/home/index" for 127.0.0.1 at 2023-08-24 22:12:49 -0400
Processing by HomeController#index as HTML
  Rendering layout layouts/application.html.erb
  Rendering home/index.html.erb within layouts/application
  [1m[36mUser Load (0.1ms)[0m  [1m[34mSELECT "users".* FROM "users" WHERE "users"."id" = ? ORDER BY "users"."id" ASC LIMIT ?[0m  [["id", 1], ["LIMIT", 1]]
  ↳ app/views/home/index.html.erb:2
  [1m[36mNote Load (0.0ms)[0m  [1m[34mSELECT "notes".* FROM "notes"[0m
  ↳ app/views/notes/_index.html.erb:5
  Rendered notes/_index.html.erb (Duration: 0.3ms | Allocations: 595)
  Rendered home/index.html.erb within layouts/application (Duration: 1.4ms | Allocations: 1935)
  Rendered devise/shared/_navbar.html.erb (Duration: 0.1ms | Allocations: 126)
  Rendered layout layouts/application.html.erb (Duration: 4.4ms | Allocations: 6421)
Completed 200 OK in 5ms (Views: 4.5ms | ActiveRecord: 0.1ms | Allocations: 6696)


Started GET "/home/index" for 127.0.0.1 at 2023-08-24 22:13:58 -0400
Processing by HomeController#index as HTML
  Rendering layout layouts/application.html.erb
  Rendering home/index.html.erb within layouts/application
  [1m[36mUser Load (0.2ms)[0m  [1m[34mSELECT "users".* FROM "users" WHERE "users"."id" = ? ORDER BY "users"."id" ASC LIMIT ?[0m  [["id", 1], ["LIMIT", 1]]
  ↳ app/views/home/index.html.erb:2
  [1m[36mNote Load (0.1ms)[0m  [1m[34mSELECT "notes".* FROM "notes"[0m
  ↳ app/views/notes/_index.html.erb:5
  Rendered notes/_index.html.erb (Duration: 1.4ms | Allocations: 783)
  Rendered home/index.html.erb within layouts/application (Duration: 7.5ms | Allocations: 2188)
  Rendered devise/shared/_navbar.html.erb (Duration: 1.3ms | Allocations: 451)
  Rendered layout layouts/application.html.erb (Duration: 21.8ms | Allocations: 8622)
Completed 200 OK in 39ms (Views: 34.8ms | ActiveRecord: 0.2ms | Allocations: 9639)


Started GET "/home/index" for 127.0.0.1 at 2023-08-24 22:14:07 -0400
Processing by HomeController#index as HTML
  Rendering layout layouts/application.html.erb
  Rendering home/index.html.erb within layouts/application
  [1m[36mUser Load (0.1ms)[0m  [1m[34mSELECT "users".* FROM "users" WHERE "users"."id" = ? ORDER BY "users"."id" ASC LIMIT ?[0m  [["id", 1], ["LIMIT", 1]]
  ↳ app/views/home/index.html.erb:2
  [1m[36mNote Load (0.0ms)[0m  [1m[34mSELECT "notes".* FROM "notes"[0m
  ↳ app/views/notes/_index.html.erb:5
  Rendered notes/_index.html.erb (Duration: 1.3ms | Allocations: 783)
  Rendered home/index.html.erb within layouts/application (Duration: 3.9ms | Allocations: 2188)
  Rendered devise/shared/_navbar.html.erb (Duration: 0.7ms | Allocations: 473)
  Rendered layout layouts/application.html.erb (Duration: 10.4ms | Allocations: 7408)
Completed 200 OK in 14ms (Views: 12.4ms | ActiveRecord: 0.1ms | Allocations: 8424)


Started GET "/home/index" for 127.0.0.1 at 2023-08-24 22:14:26 -0400
Processing by HomeController#index as HTML
  Rendering layout layouts/application.html.erb
  Rendering home/index.html.erb within layouts/application
  [1m[36mUser Load (0.2ms)[0m  [1m[34mSELECT "users".* FROM "users" WHERE "users"."id" = ? ORDER BY "users"."id" ASC LIMIT ?[0m  [["id", 1], ["LIMIT", 1]]
  ↳ app/views/home/index.html.erb:2
  [1m[36mNote Load (0.1ms)[0m  [1m[34mSELECT "notes".* FROM "notes"[0m
  ↳ app/views/notes/_index.html.erb:5
  Rendered notes/_index.html.erb (Duration: 0.8ms | Allocations: 594)
  Rendered home/index.html.erb within layouts/application (Duration: 8.2ms | Allocations: 1684)
  Rendered devise/shared/_navbar.html.erb (Duration: 0.5ms | Allocations: 112)
  Rendered layout layouts/application.html.erb (Duration: 17.4ms | Allocations: 6172)
Completed 200 OK in 25ms (Views: 19.6ms | ActiveRecord: 0.3ms | Allocations: 6445)


Started GET "/home/index" for 127.0.0.1 at 2023-08-24 22:14:38 -0400
Processing by HomeController#index as HTML
  Rendering layout layouts/application.html.erb
  Rendering home/index.html.erb within layouts/application
  [1m[36mUser Load (0.1ms)[0m  [1m[34mSELECT "users".* FROM "users" WHERE "users"."id" = ? ORDER BY "users"."id" ASC LIMIT ?[0m  [["id", 1], ["LIMIT", 1]]
  ↳ app/views/home/index.html.erb:2
  [1m[36mNote Load (0.0ms)[0m  [1m[34mSELECT "notes".* FROM "notes"[0m
  ↳ app/views/notes/_index.html.erb:5
  Rendered notes/_index.html.erb (Duration: 0.6ms | Allocations: 594)
  Rendered home/index.html.erb within layouts/application (Duration: 2.4ms | Allocations: 1669)
  Rendered devise/shared/_navbar.html.erb (Duration: 0.3ms | Allocations: 112)
  Rendered layout layouts/application.html.erb (Duration: 11.6ms | Allocations: 6140)
Completed 200 OK in 13ms (Views: 11.8ms | ActiveRecord: 0.1ms | Allocations: 6414)


Started GET "/home/index" for 127.0.0.1 at 2023-08-24 22:14:39 -0400
Processing by HomeController#index as HTML
  Rendering layout layouts/application.html.erb
  Rendering home/index.html.erb within layouts/application
  [1m[36mUser Load (0.4ms)[0m  [1m[34mSELECT "users".* FROM "users" WHERE "users"."id" = ? ORDER BY "users"."id" ASC LIMIT ?[0m  [["id", 1], ["LIMIT", 1]]
  ↳ app/views/home/index.html.erb:2
  [1m[36mNote Load (0.1ms)[0m  [1m[34mSELECT "notes".* FROM "notes"[0m
  ↳ app/views/notes/_index.html.erb:5
  Rendered notes/_index.html.erb (Duration: 1.1ms | Allocations: 594)
  Rendered home/index.html.erb within layouts/application (Duration: 7.3ms | Allocations: 1665)
  Rendered devise/shared/_navbar.html.erb (Duration: 0.2ms | Allocations: 112)
  Rendered layout layouts/application.html.erb (Duration: 13.8ms | Allocations: 6127)
Completed 200 OK in 15ms (Views: 13.9ms | ActiveRecord: 0.5ms | Allocations: 6400)


Started GET "/users/sign_out" for 127.0.0.1 at 2023-08-24 22:14:42 -0400
Processing by Users::SessionsController#destroy as HTML
  [1m[36mUser Load (0.1ms)[0m  [1m[34mSELECT "users".* FROM "users" WHERE "users"."id" = ? ORDER BY "users"."id" ASC LIMIT ?[0m  [["id", 1], ["LIMIT", 1]]
Redirected to http://127.0.0.1:3000/
Completed 303 See Other in 26ms (ActiveRecord: 0.1ms | Allocations: 9519)


Started GET "/" for 127.0.0.1 at 2023-08-24 22:14:42 -0400
Processing by HomeController#index as HTML
  Rendering layout layouts/application.html.erb
  Rendering home/index.html.erb within layouts/application
  [1m[36mNote Load (0.1ms)[0m  [1m[34mSELECT "notes".* FROM "notes"[0m
  ↳ app/views/notes/_index.html.erb:5
  Rendered notes/_index.html.erb (Duration: 0.7ms | Allocations: 598)
  Rendered home/index.html.erb within layouts/application (Duration: 1.1ms | Allocations: 943)
  Rendered devise/shared/_navbar.html.erb (Duration: 0.2ms | Allocations: 201)
  Rendered layout layouts/application.html.erb (Duration: 5.1ms | Allocations: 5509)
Completed 200 OK in 6ms (Views: 5.3ms | ActiveRecord: 0.1ms | Allocations: 5783)


Started GET "/users/sign_in" for 127.0.0.1 at 2023-08-24 22:14:49 -0400
Processing by Users::SessionsController#new as HTML
  Rendering layout layouts/application.html.erb
  Rendering devise/sessions/new.html.erb within layouts/application
  Rendered devise/shared/_links.html.erb (Duration: 1.2ms | Allocations: 572)
  Rendered devise/sessions/new.html.erb within layouts/application (Duration: 4.6ms | Allocations: 2103)
  Rendered devise/shared/_navbar.html.erb (Duration: 0.3ms | Allocations: 225)
  Rendered layout layouts/application.html.erb (Duration: 10.2ms | Allocations: 6753)
Completed 200 OK in 17ms (Views: 15.2ms | ActiveRecord: 0.0ms | Allocations: 8029)


Started POST "/users/sign_in" for 127.0.0.1 at 2023-08-24 22:14:56 -0400
Processing by Users::SessionsController#create as HTML
  Parameters: {"authenticity_token"=>"[FILTERED]", "user"=>{"email"=>"nicolas.valdivia1313@gmail.com", "password"=>"[FILTERED]", "remember_me"=>"0"}, "commit"=>"Log in"}
  [1m[36mUser Load (0.3ms)[0m  [1m[34mSELECT "users".* FROM "users" WHERE "users"."email" = ? ORDER BY "users"."id" ASC LIMIT ?[0m  [["email", "nicolas.valdivia1313@gmail.com"], ["LIMIT", 1]]
Redirected to http://127.0.0.1:3000/home/index
Completed 303 See Other in 275ms (ActiveRecord: 0.3ms | Allocations: 3171)


Started GET "/home/index" for 127.0.0.1 at 2023-08-24 22:14:56 -0400
Processing by HomeController#index as HTML
  Rendering layout layouts/application.html.erb
  Rendering home/index.html.erb within layouts/application
  [1m[36mUser Load (0.0ms)[0m  [1m[34mSELECT "users".* FROM "users" WHERE "users"."id" = ? ORDER BY "users"."id" ASC LIMIT ?[0m  [["id", 1], ["LIMIT", 1]]
  ↳ app/views/home/index.html.erb:2
  [1m[36mNote Load (0.0ms)[0m  [1m[34mSELECT "notes".* FROM "notes"[0m
  ↳ app/views/notes/_index.html.erb:5
  Rendered notes/_index.html.erb (Duration: 0.3ms | Allocations: 595)
  Rendered home/index.html.erb within layouts/application (Duration: 1.0ms | Allocations: 1671)
  Rendered devise/shared/_navbar.html.erb (Duration: 0.1ms | Allocations: 112)
  Rendered layout layouts/application.html.erb (Duration: 3.0ms | Allocations: 6109)
Completed 200 OK in 3ms (Views: 3.1ms | ActiveRecord: 0.1ms | Allocations: 6382)


Started GET "/users/sign_out" for 127.0.0.1 at 2023-08-24 22:15:02 -0400
Processing by Users::SessionsController#destroy as HTML
  [1m[36mUser Load (0.2ms)[0m  [1m[34mSELECT "users".* FROM "users" WHERE "users"."id" = ? ORDER BY "users"."id" ASC LIMIT ?[0m  [["id", 1], ["LIMIT", 1]]
Redirected to http://127.0.0.1:3000/
Completed 303 See Other in 5ms (ActiveRecord: 0.2ms | Allocations: 1855)


Started GET "/" for 127.0.0.1 at 2023-08-24 22:15:02 -0400
Processing by HomeController#index as HTML
  Rendering layout layouts/application.html.erb
  Rendering home/index.html.erb within layouts/application
  [1m[36mNote Load (0.1ms)[0m  [1m[34mSELECT "notes".* FROM "notes"[0m
  ↳ app/views/notes/_index.html.erb:5
  Rendered notes/_index.html.erb (Duration: 1.5ms | Allocations: 598)
  Rendered home/index.html.erb within layouts/application (Duration: 2.0ms | Allocations: 922)
  Rendered devise/shared/_navbar.html.erb (Duration: 0.2ms | Allocations: 192)
  Rendered layout layouts/application.html.erb (Duration: 6.5ms | Allocations: 5440)
Completed 200 OK in 7ms (Views: 6.8ms | ActiveRecord: 0.1ms | Allocations: 5712)


Started GET "/" for 127.0.0.1 at 2023-08-24 22:21:13 -0400
Processing by HomeController#index as HTML
  Rendering layout layouts/application.html.erb
  Rendering home/index.html.erb within layouts/application
  [1m[36mNote Load (0.2ms)[0m  [1m[34mSELECT "notes".* FROM "notes"[0m
  ↳ app/views/notes/_index.html.erb:5
  Rendered notes/_index.html.erb (Duration: 7.9ms | Allocations: 936)
  Rendered home/index.html.erb within layouts/application (Duration: 16.5ms | Allocations: 1595)
  Rendered devise/shared/_navbar.html.erb (Duration: 0.9ms | Allocations: 535)
  Rendered layout layouts/application.html.erb (Duration: 30.2ms | Allocations: 8129)
Completed 200 OK in 39ms (Views: 35.8ms | ActiveRecord: 0.9ms | Allocations: 9148)


Started GET "/" for 127.0.0.1 at 2023-08-24 22:22:04 -0400
Processing by HomeController#index as HTML
  Rendering layout layouts/application.html.erb
  Rendering home/index.html.erb within layouts/application
  [1m[36mNote Load (0.1ms)[0m  [1m[34mSELECT "notes".* FROM "notes"[0m
  ↳ app/views/notes/_index.html.erb:5
  Rendered notes/_index.html.erb (Duration: 1.5ms | Allocations: 784)
  Rendered home/index.html.erb within layouts/application (Duration: 3.2ms | Allocations: 1436)
  Rendered devise/shared/_navbar.html.erb (Duration: 0.5ms | Allocations: 537)
  Rendered layout layouts/application.html.erb (Duration: 10.5ms | Allocations: 6748)
Completed 200 OK in 14ms (Views: 12.3ms | ActiveRecord: 0.1ms | Allocations: 7764)


Started GET "/" for 127.0.0.1 at 2023-08-24 22:22:32 -0400
Processing by HomeController#index as HTML
  Rendering layout layouts/application.html.erb
  Rendering home/index.html.erb within layouts/application
  [1m[36mNote Load (0.2ms)[0m  [1m[34mSELECT "notes".* FROM "notes"[0m
  ↳ app/views/notes/_index.html.erb:5
  Rendered notes/_index.html.erb (Duration: 2.6ms | Allocations: 595)
  Rendered home/index.html.erb within layouts/application (Duration: 8.8ms | Allocations: 937)
  Rendered devise/shared/_navbar.html.erb (Duration: 0.4ms | Allocations: 192)
  Rendered layout layouts/application.html.erb (Duration: 24.1ms | Allocations: 6692)
Completed 200 OK in 39ms (Views: 34.1ms | ActiveRecord: 0.2ms | Allocations: 6965)


Started GET "/" for 127.0.0.1 at 2023-08-24 22:22:58 -0400
Processing by HomeController#index as HTML
  Rendering layout layouts/application.html.erb
  Rendering home/index.html.erb within layouts/application
  [1m[36mNote Load (0.2ms)[0m  [1m[34mSELECT "notes".* FROM "notes"[0m
  ↳ app/views/notes/_index.html.erb:5
  Rendered notes/_index.html.erb (Duration: 2.6ms | Allocations: 595)
  Rendered home/index.html.erb within layouts/application (Duration: 4.4ms | Allocations: 913)
  Rendered devise/shared/_navbar.html.erb (Duration: 0.4ms | Allocations: 192)
  Rendered layout layouts/application.html.erb (Duration: 15.0ms | Allocations: 5473)
Completed 200 OK in 18ms (Views: 15.7ms | ActiveRecord: 0.2ms | Allocations: 5745)


Started GET "/" for 127.0.0.1 at 2023-08-24 22:23:03 -0400
Processing by HomeController#index as HTML
  Rendering layout layouts/application.html.erb
  Rendering home/index.html.erb within layouts/application
  [1m[36mNote Load (0.1ms)[0m  [1m[34mSELECT "notes".* FROM "notes"[0m
  ↳ app/views/notes/_index.html.erb:5
  Rendered notes/_index.html.erb (Duration: 1.4ms | Allocations: 595)
  Rendered home/index.html.erb within layouts/application (Duration: 2.2ms | Allocations: 925)
  Rendered devise/shared/_navbar.html.erb (Duration: 0.3ms | Allocations: 192)
  Rendered layout layouts/application.html.erb (Duration: 16.2ms | Allocations: 5486)
Completed 200 OK in 18ms (Views: 16.6ms | ActiveRecord: 0.1ms | Allocations: 5759)


Started GET "/" for 127.0.0.1 at 2023-08-24 22:23:04 -0400
Processing by HomeController#index as HTML
  Rendering layout layouts/application.html.erb
  Rendering home/index.html.erb within layouts/application
  [1m[36mNote Load (0.1ms)[0m  [1m[34mSELECT "notes".* FROM "notes"[0m
  ↳ app/views/notes/_index.html.erb:5
  Rendered notes/_index.html.erb (Duration: 1.1ms | Allocations: 595)
  Rendered home/index.html.erb within layouts/application (Duration: 1.6ms | Allocations: 940)
  Rendered devise/shared/_navbar.html.erb (Duration: 1.3ms | Allocations: 192)
  Rendered layout layouts/application.html.erb (Duration: 9.9ms | Allocations: 5486)
Completed 200 OK in 11ms (Views: 10.2ms | ActiveRecord: 0.1ms | Allocations: 5760)


Started GET "/" for 127.0.0.1 at 2023-08-24 22:23:09 -0400
Processing by HomeController#index as HTML
  Rendering layout layouts/application.html.erb
  Rendering home/index.html.erb within layouts/application
  [1m[36mNote Load (0.1ms)[0m  [1m[34mSELECT "notes".* FROM "notes"[0m
  ↳ app/views/notes/_index.html.erb:5
  Rendered notes/_index.html.erb (Duration: 1.4ms | Allocations: 595)
  Rendered home/index.html.erb within layouts/application (Duration: 2.2ms | Allocations: 934)
  Rendered devise/shared/_navbar.html.erb (Duration: 0.3ms | Allocations: 192)
  Rendered layout layouts/application.html.erb (Duration: 13.8ms | Allocations: 6681)
Completed 200 OK in 16ms (Views: 14.3ms | ActiveRecord: 0.1ms | Allocations: 6953)


Started GET "/" for 127.0.0.1 at 2023-08-24 22:23:09 -0400
Processing by HomeController#index as HTML
  Rendering layout layouts/application.html.erb
  Rendering home/index.html.erb within layouts/application
  [1m[36mNote Load (0.1ms)[0m  [1m[34mSELECT "notes".* FROM "notes"[0m
  ↳ app/views/notes/_index.html.erb:5
  Rendered notes/_index.html.erb (Duration: 1.2ms | Allocations: 595)
  Rendered home/index.html.erb within layouts/application (Duration: 1.7ms | Allocations: 922)
  Rendered devise/shared/_navbar.html.erb (Duration: 0.3ms | Allocations: 192)
  Rendered layout layouts/application.html.erb (Duration: 7.6ms | Allocations: 5435)
Completed 200 OK in 9ms (Views: 7.8ms | ActiveRecord: 0.1ms | Allocations: 5707)


Started GET "/" for 127.0.0.1 at 2023-08-24 22:23:10 -0400
Processing by HomeController#index as HTML
  Rendering layout layouts/application.html.erb
  Rendering home/index.html.erb within layouts/application
  [1m[36mNote Load (0.1ms)[0m  [1m[34mSELECT "notes".* FROM "notes"[0m
  ↳ app/views/notes/_index.html.erb:5
  Rendered notes/_index.html.erb (Duration: 1.4ms | Allocations: 595)
  Rendered home/index.html.erb within layouts/application (Duration: 2.0ms | Allocations: 952)
  Rendered devise/shared/_navbar.html.erb (Duration: 0.3ms | Allocations: 192)
  Rendered layout layouts/application.html.erb (Duration: 7.7ms | Allocations: 5465)
Completed 200 OK in 9ms (Views: 8.0ms | ActiveRecord: 0.1ms | Allocations: 5737)


Started GET "/" for 127.0.0.1 at 2023-08-24 22:23:10 -0400
Processing by HomeController#index as HTML
  Rendering layout layouts/application.html.erb
  Rendering home/index.html.erb within layouts/application
  [1m[36mNote Load (0.2ms)[0m  [1m[34mSELECT "notes".* FROM "notes"[0m
  ↳ app/views/notes/_index.html.erb:5
  Rendered notes/_index.html.erb (Duration: 1.6ms | Allocations: 595)
  Rendered home/index.html.erb within layouts/application (Duration: 2.4ms | Allocations: 931)
  Rendered devise/shared/_navbar.html.erb (Duration: 0.3ms | Allocations: 192)
  Rendered layout layouts/application.html.erb (Duration: 9.0ms | Allocations: 5444)
Completed 200 OK in 11ms (Views: 9.6ms | ActiveRecord: 0.2ms | Allocations: 5716)


Started GET "/" for 127.0.0.1 at 2023-08-24 22:24:46 -0400
Processing by HomeController#index as HTML
  Rendering layout layouts/application.html.erb
  Rendering home/index.html.erb within layouts/application
  [1m[36mNote Load (0.2ms)[0m  [1m[34mSELECT "notes".* FROM "notes"[0m
  ↳ app/views/notes/_index.html.erb:5
  Rendered notes/_index.html.erb (Duration: 2.2ms | Allocations: 595)
  Rendered home/index.html.erb within layouts/application (Duration: 4.1ms | Allocations: 922)
  Rendered devise/shared/_navbar.html.erb (Duration: 0.4ms | Allocations: 192)
  Rendered layout layouts/application.html.erb (Duration: 20.4ms | Allocations: 6698)
Completed 200 OK in 23ms (Views: 21.0ms | ActiveRecord: 0.2ms | Allocations: 6971)


Started GET "/" for 127.0.0.1 at 2023-08-24 22:25:28 -0400
Processing by HomeController#index as HTML
  Rendering layout layouts/application.html.erb
  Rendering home/index.html.erb within layouts/application
  [1m[36mNote Load (0.4ms)[0m  [1m[34mSELECT "notes".* FROM "notes"[0m
  ↳ app/views/notes/_index.html.erb:5
  Rendered notes/_index.html.erb (Duration: 2.0ms | Allocations: 595)
  Rendered home/index.html.erb within layouts/application (Duration: 3.3ms | Allocations: 928)
  Rendered devise/shared/_navbar.html.erb (Duration: 0.4ms | Allocations: 192)
  Rendered layout layouts/application.html.erb (Duration: 19.4ms | Allocations: 6679)
Completed 200 OK in 21ms (Views: 19.6ms | ActiveRecord: 0.4ms | Allocations: 6952)


Started GET "/" for 127.0.0.1 at 2023-08-24 22:25:35 -0400
Processing by HomeController#index as HTML
  Rendering layout layouts/application.html.erb
  Rendering home/index.html.erb within layouts/application
  [1m[36mNote Load (0.4ms)[0m  [1m[34mSELECT "notes".* FROM "notes"[0m
  ↳ app/views/notes/_index.html.erb:5
  Rendered notes/_index.html.erb (Duration: 2.1ms | Allocations: 595)
  Rendered home/index.html.erb within layouts/application (Duration: 3.2ms | Allocations: 928)
  Rendered devise/shared/_navbar.html.erb (Duration: 0.3ms | Allocations: 192)
  Rendered layout layouts/application.html.erb (Duration: 14.6ms | Allocations: 6664)
Completed 200 OK in 16ms (Views: 14.8ms | ActiveRecord: 0.4ms | Allocations: 6936)


Started GET "/users/edit" for 127.0.0.1 at 2023-08-24 22:25:37 -0400
Processing by Users::RegistrationsController#edit as HTML
Completed 401 Unauthorized in 1ms (ActiveRecord: 0.0ms | Allocations: 294)


Started GET "/users/sign_in" for 127.0.0.1 at 2023-08-24 22:25:37 -0400
Processing by Users::SessionsController#new as HTML
  Rendering layout layouts/application.html.erb
  Rendering devise/sessions/new.html.erb within layouts/application
  Rendered devise/shared/_links.html.erb (Duration: 1.4ms | Allocations: 572)
  Rendered devise/sessions/new.html.erb within layouts/application (Duration: 5.4ms | Allocations: 2102)
  Rendered devise/shared/_navbar.html.erb (Duration: 0.2ms | Allocations: 225)
  Rendered layout layouts/application.html.erb (Duration: 10.9ms | Allocations: 6764)
Completed 200 OK in 16ms (Views: 14.2ms | ActiveRecord: 0.0ms | Allocations: 8075)


Started GET "/users/sign_up" for 127.0.0.1 at 2023-08-24 22:25:40 -0400
Processing by Users::RegistrationsController#new as HTML
  Rendering layout layouts/application.html.erb
  Rendering devise/registrations/new.html.erb within layouts/application
  Rendered devise/shared/_error_messages.html.erb (Duration: 0.8ms | Allocations: 225)
  Rendered devise/shared/_links.html.erb (Duration: 0.1ms | Allocations: 89)
  Rendered devise/registrations/new.html.erb within layouts/application (Duration: 4.7ms | Allocations: 2275)
  Rendered devise/shared/_navbar.html.erb (Duration: 0.3ms | Allocations: 225)
  Rendered layout layouts/application.html.erb (Duration: 10.6ms | Allocations: 6912)
Completed 200 OK in 16ms (Views: 14.1ms | ActiveRecord: 0.0ms | Allocations: 8060)


Started GET "/users/sign_in" for 127.0.0.1 at 2023-08-24 22:25:42 -0400
Processing by Users::SessionsController#new as HTML
  Rendering layout layouts/application.html.erb
  Rendering devise/sessions/new.html.erb within layouts/application
  Rendered devise/shared/_links.html.erb (Duration: 0.1ms | Allocations: 134)
  Rendered devise/sessions/new.html.erb within layouts/application (Duration: 1.4ms | Allocations: 1207)
  Rendered devise/shared/_navbar.html.erb (Duration: 0.3ms | Allocations: 204)
  Rendered layout layouts/application.html.erb (Duration: 6.1ms | Allocations: 5731)
Completed 200 OK in 9ms (Views: 6.7ms | ActiveRecord: 0.0ms | Allocations: 6420)


Started GET "/home/index" for 127.0.0.1 at 2023-08-24 22:25:43 -0400
Processing by HomeController#index as HTML
  Rendering layout layouts/application.html.erb
  Rendering home/index.html.erb within layouts/application
  [1m[36mNote Load (0.4ms)[0m  [1m[34mSELECT "notes".* FROM "notes"[0m
  ↳ app/views/notes/_index.html.erb:5
  Rendered notes/_index.html.erb (Duration: 1.2ms | Allocations: 595)
  Rendered home/index.html.erb within layouts/application (Duration: 1.7ms | Allocations: 926)
  Rendered devise/shared/_navbar.html.erb (Duration: 0.3ms | Allocations: 192)
  Rendered layout layouts/application.html.erb (Duration: 7.8ms | Allocations: 5439)
Completed 200 OK in 9ms (Views: 8.1ms | ActiveRecord: 0.4ms | Allocations: 5712)


Started GET "/" for ::1 at 2023-08-24 22:27:35 -0400
Processing by HomeController#index as HTML
  Rendering layout layouts/application.html.erb
  Rendering home/index.html.erb within layouts/application
  [1m[36mNote Load (2.9ms)[0m  [1m[34mSELECT "notes".* FROM "notes"[0m
  ↳ app/views/notes/_index.html.erb:5
  Rendered notes/_index.html.erb (Duration: 8.8ms | Allocations: 595)
  Rendered home/index.html.erb within layouts/application (Duration: 14.7ms | Allocations: 840)
  Rendered devise/shared/_navbar.html.erb (Duration: 0.3ms | Allocations: 192)
  Rendered layout layouts/application.html.erb (Duration: 26.2ms | Allocations: 5363)
Completed 200 OK in 28ms (Views: 23.8ms | ActiveRecord: 2.9ms | Allocations: 5635)


Started GET "/" for ::1 at 2023-08-24 22:30:45 -0400
Processing by HomeController#index as HTML
  Rendering layout layouts/application.html.erb
  Rendering home/index.html.erb within layouts/application
  [1m[36mNote Load (0.4ms)[0m  [1m[34mSELECT "notes".* FROM "notes"[0m
  ↳ app/views/notes/_index.html.erb:5
  Rendered notes/_index.html.erb (Duration: 3.0ms | Allocations: 784)
  Rendered home/index.html.erb within layouts/application (Duration: 10.4ms | Allocations: 1447)
  Rendered devise/shared/_navbar.html.erb (Duration: 1.1ms | Allocations: 536)
  Rendered layout layouts/application.html.erb (Duration: 23.1ms | Allocations: 6770)
Completed 200 OK in 47ms (Views: 31.9ms | ActiveRecord: 0.4ms | Allocations: 7789)


Started GET "/users/sign_in" for ::1 at 2023-08-24 22:30:47 -0400
Processing by Users::SessionsController#new as HTML
  Rendering layout layouts/application.html.erb
  Rendering devise/sessions/new.html.erb within layouts/application
  Rendered devise/shared/_links.html.erb (Duration: 1.4ms | Allocations: 572)
  Rendered devise/sessions/new.html.erb within layouts/application (Duration: 5.6ms | Allocations: 2099)
  Rendered devise/shared/_navbar.html.erb (Duration: 0.3ms | Allocations: 225)
  Rendered layout layouts/application.html.erb (Duration: 11.5ms | Allocations: 6721)
Completed 200 OK in 17ms (Views: 15.7ms | ActiveRecord: 0.0ms | Allocations: 8025)


Started POST "/users/sign_in" for ::1 at 2023-08-24 22:30:56 -0400
Processing by Users::SessionsController#create as HTML
  Parameters: {"authenticity_token"=>"[FILTERED]", "user"=>{"email"=>"nicolas.valdivia1313@gmail.com", "password"=>"[FILTERED]", "remember_me"=>"0"}, "commit"=>"Log in"}
  [1m[36mUser Load (4.2ms)[0m  [1m[34mSELECT "users".* FROM "users" WHERE "users"."email" = ? ORDER BY "users"."id" ASC LIMIT ?[0m  [["email", "nicolas.valdivia1313@gmail.com"], ["LIMIT", 1]]
Redirected to http://localhost:3000/home/index
Completed 303 See Other in 273ms (ActiveRecord: 4.2ms | Allocations: 2853)


Started GET "/home/index" for ::1 at 2023-08-24 22:30:56 -0400
Processing by HomeController#index as HTML
  Rendering layout layouts/application.html.erb
  Rendering home/index.html.erb within layouts/application
  [1m[36mUser Load (0.1ms)[0m  [1m[34mSELECT "users".* FROM "users" WHERE "users"."id" = ? ORDER BY "users"."id" ASC LIMIT ?[0m  [["id", 1], ["LIMIT", 1]]
  ↳ app/views/home/index.html.erb:2
  [1m[36mNote Load (0.0ms)[0m  [1m[34mSELECT "notes".* FROM "notes"[0m
  ↳ app/views/notes/_index.html.erb:5
  Rendered notes/_index.html.erb (Duration: 0.3ms | Allocations: 595)
  Rendered home/index.html.erb within layouts/application (Duration: 1.6ms | Allocations: 1729)
  Rendered devise/shared/_navbar.html.erb (Duration: 0.1ms | Allocations: 115)
  Rendered layout layouts/application.html.erb (Duration: 3.9ms | Allocations: 6170)
Completed 200 OK in 4ms (Views: 4.0ms | ActiveRecord: 0.1ms | Allocations: 6444)


Started GET "/home/index" for ::1 at 2023-08-24 22:31:02 -0400
Processing by HomeController#index as HTML
  Rendering layout layouts/application.html.erb
  Rendering home/index.html.erb within layouts/application
  [1m[36mUser Load (0.2ms)[0m  [1m[34mSELECT "users".* FROM "users" WHERE "users"."id" = ? ORDER BY "users"."id" ASC LIMIT ?[0m  [["id", 1], ["LIMIT", 1]]
  ↳ app/views/home/index.html.erb:2
  [1m[36mNote Load (0.0ms)[0m  [1m[34mSELECT "notes".* FROM "notes"[0m
  ↳ app/views/notes/_index.html.erb:5
  Rendered notes/_index.html.erb (Duration: 0.7ms | Allocations: 594)
  Rendered home/index.html.erb within layouts/application (Duration: 4.6ms | Allocations: 1670)
  Rendered devise/shared/_navbar.html.erb (Duration: 0.2ms | Allocations: 112)
  Rendered layout layouts/application.html.erb (Duration: 11.3ms | Allocations: 6103)
Completed 200 OK in 13ms (Views: 11.7ms | ActiveRecord: 0.2ms | Allocations: 6375)


Started GET "/users/sign_out" for ::1 at 2023-08-24 22:31:04 -0400
Processing by Users::SessionsController#destroy as HTML
  [1m[36mUser Load (0.4ms)[0m  [1m[34mSELECT "users".* FROM "users" WHERE "users"."id" = ? ORDER BY "users"."id" ASC LIMIT ?[0m  [["id", 1], ["LIMIT", 1]]
Redirected to http://localhost:3000/
Completed 303 See Other in 5ms (ActiveRecord: 0.4ms | Allocations: 1868)


Started GET "/" for ::1 at 2023-08-24 22:31:04 -0400
Processing by HomeController#index as HTML
  Rendering layout layouts/application.html.erb
  Rendering home/index.html.erb within layouts/application
  [1m[36mNote Load (0.1ms)[0m  [1m[34mSELECT "notes".* FROM "notes"[0m
  ↳ app/views/notes/_index.html.erb:5
  Rendered notes/_index.html.erb (Duration: 0.8ms | Allocations: 598)
  Rendered home/index.html.erb within layouts/application (Duration: 1.3ms | Allocations: 949)
  Rendered devise/shared/_navbar.html.erb (Duration: 0.2ms | Allocations: 192)
  Rendered layout layouts/application.html.erb (Duration: 7.1ms | Allocations: 5505)
Completed 200 OK in 8ms (Views: 7.3ms | ActiveRecord: 0.1ms | Allocations: 5778)


